26-Feb-2017 13:58:17.043 정보 [main] org.apache.catalina.startup.VersionLoggerListener.log Server version:        Apache Tomcat/9.0.0.M15
26-Feb-2017 13:58:17.045 정보 [main] org.apache.catalina.startup.VersionLoggerListener.log Server built:          Dec 5 2016 13:44:25 UTC
26-Feb-2017 13:58:17.045 정보 [main] org.apache.catalina.startup.VersionLoggerListener.log Server number:         9.0.0.0
26-Feb-2017 13:58:17.045 정보 [main] org.apache.catalina.startup.VersionLoggerListener.log OS Name:               Linux
26-Feb-2017 13:58:17.045 정보 [main] org.apache.catalina.startup.VersionLoggerListener.log OS Version:            4.4.0-53-generic
26-Feb-2017 13:58:17.045 정보 [main] org.apache.catalina.startup.VersionLoggerListener.log Architecture:          amd64
26-Feb-2017 13:58:17.045 정보 [main] org.apache.catalina.startup.VersionLoggerListener.log Java Home:             /usr/lib/jvm/java-8-openjdk-amd64/jre
26-Feb-2017 13:58:17.046 정보 [main] org.apache.catalina.startup.VersionLoggerListener.log JVM Version:           1.8.0_121-8u121-b13-0ubuntu1.16.04.2-b13
26-Feb-2017 13:58:17.046 정보 [main] org.apache.catalina.startup.VersionLoggerListener.log JVM Vendor:            Oracle Corporation
26-Feb-2017 13:58:17.046 정보 [main] org.apache.catalina.startup.VersionLoggerListener.log CATALINA_BASE:         /home/kinow/git/wips-inspect/tomcat
26-Feb-2017 13:58:17.046 정보 [main] org.apache.catalina.startup.VersionLoggerListener.log CATALINA_HOME:         /home/kinow/git/wips-inspect/tomcat
26-Feb-2017 13:58:17.046 정보 [main] org.apache.catalina.startup.VersionLoggerListener.log Command line argument: -Djava.util.logging.config.file=/home/kinow/git/wips-inspect/tomcat/conf/logging.properties
26-Feb-2017 13:58:17.046 정보 [main] org.apache.catalina.startup.VersionLoggerListener.log Command line argument: -Djava.util.logging.manager=org.apache.juli.ClassLoaderLogManager
26-Feb-2017 13:58:17.046 정보 [main] org.apache.catalina.startup.VersionLoggerListener.log Command line argument: -Djdk.tls.ephemeralDHKeySize=2048
26-Feb-2017 13:58:17.046 정보 [main] org.apache.catalina.startup.VersionLoggerListener.log Command line argument: -Djava.protocol.handler.pkgs=org.apache.catalina.webresources
26-Feb-2017 13:58:17.046 정보 [main] org.apache.catalina.startup.VersionLoggerListener.log Command line argument: -Dcatalina.base=/home/kinow/git/wips-inspect/tomcat
26-Feb-2017 13:58:17.046 정보 [main] org.apache.catalina.startup.VersionLoggerListener.log Command line argument: -Dcatalina.home=/home/kinow/git/wips-inspect/tomcat
26-Feb-2017 13:58:17.046 정보 [main] org.apache.catalina.startup.VersionLoggerListener.log Command line argument: -Djava.io.tmpdir=/home/kinow/git/wips-inspect/tomcat/temp
26-Feb-2017 13:58:17.046 정보 [main] org.apache.catalina.core.AprLifecycleListener.lifecycleEvent The APR based Apache Tomcat Native library which allows optimal performance in production environments was not found on the java.library.path: /usr/java/packages/lib/amd64:/usr/lib/x86_64-linux-gnu/jni:/lib/x86_64-linux-gnu:/usr/lib/x86_64-linux-gnu:/usr/lib/jni:/lib:/usr/lib
26-Feb-2017 13:58:17.089 정보 [main] org.apache.coyote.AbstractProtocol.init Initializing ProtocolHandler ["http-nio-8080"]
26-Feb-2017 13:58:17.098 정보 [main] org.apache.tomcat.util.net.NioSelectorPool.getSharedSelector Using a shared selector for servlet write/read
26-Feb-2017 13:58:17.099 정보 [main] org.apache.coyote.AbstractProtocol.init Initializing ProtocolHandler ["ajp-nio-8009"]
26-Feb-2017 13:58:17.116 정보 [main] org.apache.tomcat.util.net.NioSelectorPool.getSharedSelector Using a shared selector for servlet write/read
26-Feb-2017 13:58:17.116 정보 [main] org.apache.catalina.startup.Catalina.load Initialization processed in 269 ms
26-Feb-2017 13:58:17.129 정보 [main] org.apache.catalina.core.StandardService.startInternal Starting service Catalina
26-Feb-2017 13:58:17.129 정보 [main] org.apache.catalina.core.StandardEngine.startInternal Starting Servlet Engine: Apache Tomcat/9.0.0.M15
26-Feb-2017 13:58:17.134 정보 [localhost-startStop-1] org.apache.catalina.startup.HostConfig.deployDirectory Deploying web application directory /home/kinow/git/wips-inspect/tomcat/webapps/docs
26-Feb-2017 13:58:17.405 정보 [localhost-startStop-1] org.apache.jasper.servlet.TldScanner.scanJars At least one JAR was scanned for TLDs yet contained no TLDs. Enable debug logging for this logger for a complete list of JARs that were scanned but no TLDs were found in them. Skipping unneeded JARs during scanning can improve startup time and JSP compilation time.
26-Feb-2017 13:58:17.425 정보 [localhost-startStop-1] org.apache.catalina.startup.HostConfig.deployDirectory Deployment of web application directory /home/kinow/git/wips-inspect/tomcat/webapps/docs has finished in 290 ms
26-Feb-2017 13:58:17.425 정보 [localhost-startStop-1] org.apache.catalina.startup.HostConfig.deployDirectory Deploying web application directory /home/kinow/git/wips-inspect/tomcat/webapps/.metadata
26-Feb-2017 13:58:17.522 정보 [localhost-startStop-1] org.apache.jasper.servlet.TldScanner.scanJars At least one JAR was scanned for TLDs yet contained no TLDs. Enable debug logging for this logger for a complete list of JARs that were scanned but no TLDs were found in them. Skipping unneeded JARs during scanning can improve startup time and JSP compilation time.
26-Feb-2017 13:58:17.526 정보 [localhost-startStop-1] org.apache.catalina.startup.HostConfig.deployDirectory Deployment of web application directory /home/kinow/git/wips-inspect/tomcat/webapps/.metadata has finished in 101 ms
26-Feb-2017 13:58:17.526 정보 [localhost-startStop-1] org.apache.catalina.startup.HostConfig.deployDirectory Deploying web application directory /home/kinow/git/wips-inspect/tomcat/webapps/ROOT
26-Feb-2017 13:58:17.611 정보 [localhost-startStop-1] org.apache.jasper.servlet.TldScanner.scanJars At least one JAR was scanned for TLDs yet contained no TLDs. Enable debug logging for this logger for a complete list of JARs that were scanned but no TLDs were found in them. Skipping unneeded JARs during scanning can improve startup time and JSP compilation time.
26-Feb-2017 13:58:17.613 정보 [localhost-startStop-1] org.apache.catalina.startup.HostConfig.deployDirectory Deployment of web application directory /home/kinow/git/wips-inspect/tomcat/webapps/ROOT has finished in 87 ms
26-Feb-2017 13:58:17.613 정보 [localhost-startStop-1] org.apache.catalina.startup.HostConfig.deployDirectory Deploying web application directory /home/kinow/git/wips-inspect/tomcat/webapps/host-manager
26-Feb-2017 13:58:17.701 정보 [localhost-startStop-1] org.apache.jasper.servlet.TldScanner.scanJars At least one JAR was scanned for TLDs yet contained no TLDs. Enable debug logging for this logger for a complete list of JARs that were scanned but no TLDs were found in them. Skipping unneeded JARs during scanning can improve startup time and JSP compilation time.
26-Feb-2017 13:58:17.705 정보 [localhost-startStop-1] org.apache.catalina.startup.HostConfig.deployDirectory Deployment of web application directory /home/kinow/git/wips-inspect/tomcat/webapps/host-manager has finished in 92 ms
26-Feb-2017 13:58:17.705 정보 [localhost-startStop-1] org.apache.catalina.startup.HostConfig.deployDirectory Deploying web application directory /home/kinow/git/wips-inspect/tomcat/webapps/examples
26-Feb-2017 13:58:17.916 정보 [localhost-startStop-1] org.apache.jasper.servlet.TldScanner.scanJars At least one JAR was scanned for TLDs yet contained no TLDs. Enable debug logging for this logger for a complete list of JARs that were scanned but no TLDs were found in them. Skipping unneeded JARs during scanning can improve startup time and JSP compilation time.
26-Feb-2017 13:58:17.925 정보 [localhost-startStop-1] org.apache.catalina.startup.HostConfig.deployDirectory Deployment of web application directory /home/kinow/git/wips-inspect/tomcat/webapps/examples has finished in 219 ms
26-Feb-2017 13:58:17.925 정보 [localhost-startStop-1] org.apache.catalina.startup.HostConfig.deployDirectory Deploying web application directory /home/kinow/git/wips-inspect/tomcat/webapps/manager
26-Feb-2017 13:58:18.018 정보 [localhost-startStop-1] org.apache.jasper.servlet.TldScanner.scanJars At least one JAR was scanned for TLDs yet contained no TLDs. Enable debug logging for this logger for a complete list of JARs that were scanned but no TLDs were found in them. Skipping unneeded JARs during scanning can improve startup time and JSP compilation time.
26-Feb-2017 13:58:18.019 정보 [localhost-startStop-1] org.apache.catalina.startup.HostConfig.deployDirectory Deployment of web application directory /home/kinow/git/wips-inspect/tomcat/webapps/manager has finished in 94 ms
26-Feb-2017 13:58:18.020 정보 [main] org.apache.coyote.AbstractProtocol.start Starting ProtocolHandler [http-nio-8080]
26-Feb-2017 13:58:18.023 정보 [main] org.apache.coyote.AbstractProtocol.start Starting ProtocolHandler [ajp-nio-8009]
26-Feb-2017 13:58:18.024 정보 [main] org.apache.catalina.startup.Catalina.start Server startup in 907 ms
26-Feb-2017 14:00:03.569 정보 [main] org.apache.catalina.core.StandardServer.await A valid shutdown command was received via the shutdown port. Stopping the Server instance.
26-Feb-2017 14:00:03.569 정보 [main] org.apache.coyote.AbstractProtocol.pause Pausing ProtocolHandler ["http-nio-8080"]
26-Feb-2017 14:00:03.621 정보 [main] org.apache.coyote.AbstractProtocol.pause Pausing ProtocolHandler ["ajp-nio-8009"]
26-Feb-2017 14:00:03.672 정보 [main] org.apache.catalina.core.StandardService.stopInternal Stopping service Catalina
26-Feb-2017 14:00:03.686 정보 [main] org.apache.coyote.AbstractProtocol.stop Stopping ProtocolHandler ["http-nio-8080"]
26-Feb-2017 14:00:03.687 정보 [main] org.apache.coyote.AbstractProtocol.stop Stopping ProtocolHandler ["ajp-nio-8009"]
26-Feb-2017 14:00:03.688 정보 [main] org.apache.coyote.AbstractProtocol.destroy Destroying ProtocolHandler ["http-nio-8080"]
26-Feb-2017 14:00:03.688 정보 [main] org.apache.coyote.AbstractProtocol.destroy Destroying ProtocolHandler ["ajp-nio-8009"]
26-Feb-2017 14:00:10.445 정보 [main] org.apache.catalina.startup.VersionLoggerListener.log Server version:        Apache Tomcat/9.0.0.M15
26-Feb-2017 14:00:10.448 정보 [main] org.apache.catalina.startup.VersionLoggerListener.log Server built:          Dec 5 2016 13:44:25 UTC
26-Feb-2017 14:00:10.448 정보 [main] org.apache.catalina.startup.VersionLoggerListener.log Server number:         9.0.0.0
26-Feb-2017 14:00:10.448 정보 [main] org.apache.catalina.startup.VersionLoggerListener.log OS Name:               Linux
26-Feb-2017 14:00:10.448 정보 [main] org.apache.catalina.startup.VersionLoggerListener.log OS Version:            4.4.0-53-generic
26-Feb-2017 14:00:10.448 정보 [main] org.apache.catalina.startup.VersionLoggerListener.log Architecture:          amd64
26-Feb-2017 14:00:10.448 정보 [main] org.apache.catalina.startup.VersionLoggerListener.log Java Home:             /usr/lib/jvm/java-8-openjdk-amd64/jre
26-Feb-2017 14:00:10.448 정보 [main] org.apache.catalina.startup.VersionLoggerListener.log JVM Version:           1.8.0_121-8u121-b13-0ubuntu1.16.04.2-b13
26-Feb-2017 14:00:10.448 정보 [main] org.apache.catalina.startup.VersionLoggerListener.log JVM Vendor:            Oracle Corporation
26-Feb-2017 14:00:10.448 정보 [main] org.apache.catalina.startup.VersionLoggerListener.log CATALINA_BASE:         /home/kinow/git/wips-inspect/tomcat
26-Feb-2017 14:00:10.448 정보 [main] org.apache.catalina.startup.VersionLoggerListener.log CATALINA_HOME:         /home/kinow/git/wips-inspect/tomcat
26-Feb-2017 14:00:10.448 정보 [main] org.apache.catalina.startup.VersionLoggerListener.log Command line argument: -Djava.util.logging.config.file=/home/kinow/git/wips-inspect/tomcat/conf/logging.properties
26-Feb-2017 14:00:10.449 정보 [main] org.apache.catalina.startup.VersionLoggerListener.log Command line argument: -Djava.util.logging.manager=org.apache.juli.ClassLoaderLogManager
26-Feb-2017 14:00:10.449 정보 [main] org.apache.catalina.startup.VersionLoggerListener.log Command line argument: -Djdk.tls.ephemeralDHKeySize=2048
26-Feb-2017 14:00:10.449 정보 [main] org.apache.catalina.startup.VersionLoggerListener.log Command line argument: -Djava.protocol.handler.pkgs=org.apache.catalina.webresources
26-Feb-2017 14:00:10.449 정보 [main] org.apache.catalina.startup.VersionLoggerListener.log Command line argument: -Dcatalina.base=/home/kinow/git/wips-inspect/tomcat
26-Feb-2017 14:00:10.449 정보 [main] org.apache.catalina.startup.VersionLoggerListener.log Command line argument: -Dcatalina.home=/home/kinow/git/wips-inspect/tomcat
26-Feb-2017 14:00:10.449 정보 [main] org.apache.catalina.startup.VersionLoggerListener.log Command line argument: -Djava.io.tmpdir=/home/kinow/git/wips-inspect/tomcat/temp
26-Feb-2017 14:00:10.449 정보 [main] org.apache.catalina.core.AprLifecycleListener.lifecycleEvent The APR based Apache Tomcat Native library which allows optimal performance in production environments was not found on the java.library.path: /usr/java/packages/lib/amd64:/usr/lib/x86_64-linux-gnu/jni:/lib/x86_64-linux-gnu:/usr/lib/x86_64-linux-gnu:/usr/lib/jni:/lib:/usr/lib
26-Feb-2017 14:00:10.491 정보 [main] org.apache.coyote.AbstractProtocol.init Initializing ProtocolHandler ["http-nio-8080"]
26-Feb-2017 14:00:10.500 정보 [main] org.apache.tomcat.util.net.NioSelectorPool.getSharedSelector Using a shared selector for servlet write/read
26-Feb-2017 14:00:10.502 정보 [main] org.apache.coyote.AbstractProtocol.init Initializing ProtocolHandler ["ajp-nio-8009"]
26-Feb-2017 14:00:10.516 정보 [main] org.apache.tomcat.util.net.NioSelectorPool.getSharedSelector Using a shared selector for servlet write/read
26-Feb-2017 14:00:10.516 정보 [main] org.apache.catalina.startup.Catalina.load Initialization processed in 263 ms
26-Feb-2017 14:00:10.530 정보 [main] org.apache.catalina.core.StandardService.startInternal Starting service Catalina
26-Feb-2017 14:00:10.530 정보 [main] org.apache.catalina.core.StandardEngine.startInternal Starting Servlet Engine: Apache Tomcat/9.0.0.M15
26-Feb-2017 14:00:10.536 정보 [localhost-startStop-1] org.apache.catalina.startup.HostConfig.deployDirectory Deploying web application directory /home/kinow/git/wips-inspect/ui/wips-inspect/WebContent
26-Feb-2017 14:00:10.806 정보 [localhost-startStop-1] org.apache.jasper.servlet.TldScanner.scanJars At least one JAR was scanned for TLDs yet contained no TLDs. Enable debug logging for this logger for a complete list of JARs that were scanned but no TLDs were found in them. Skipping unneeded JARs during scanning can improve startup time and JSP compilation time.
26-Feb-2017 14:00:10.822 정보 [localhost-startStop-1] org.apache.catalina.startup.HostConfig.deployDirectory Deployment of web application directory /home/kinow/git/wips-inspect/ui/wips-inspect/WebContent has finished in 286 ms
26-Feb-2017 14:00:10.823 정보 [localhost-startStop-1] org.apache.catalina.startup.HostConfig.deployDirectory Deploying web application directory /home/kinow/git/wips-inspect/ui/wips-inspect/.settings
26-Feb-2017 14:00:10.900 정보 [localhost-startStop-1] org.apache.jasper.servlet.TldScanner.scanJars At least one JAR was scanned for TLDs yet contained no TLDs. Enable debug logging for this logger for a complete list of JARs that were scanned but no TLDs were found in them. Skipping unneeded JARs during scanning can improve startup time and JSP compilation time.
26-Feb-2017 14:00:10.901 정보 [localhost-startStop-1] org.apache.catalina.startup.HostConfig.deployDirectory Deployment of web application directory /home/kinow/git/wips-inspect/ui/wips-inspect/.settings has finished in 78 ms
26-Feb-2017 14:00:10.901 정보 [localhost-startStop-1] org.apache.catalina.startup.HostConfig.deployDirectory Deploying web application directory /home/kinow/git/wips-inspect/ui/wips-inspect/src
26-Feb-2017 14:00:10.982 정보 [localhost-startStop-1] org.apache.jasper.servlet.TldScanner.scanJars At least one JAR was scanned for TLDs yet contained no TLDs. Enable debug logging for this logger for a complete list of JARs that were scanned but no TLDs were found in them. Skipping unneeded JARs during scanning can improve startup time and JSP compilation time.
26-Feb-2017 14:00:10.984 정보 [localhost-startStop-1] org.apache.catalina.startup.HostConfig.deployDirectory Deployment of web application directory /home/kinow/git/wips-inspect/ui/wips-inspect/src has finished in 83 ms
26-Feb-2017 14:00:10.985 정보 [main] org.apache.coyote.AbstractProtocol.start Starting ProtocolHandler [http-nio-8080]
26-Feb-2017 14:00:10.988 정보 [main] org.apache.coyote.AbstractProtocol.start Starting ProtocolHandler [ajp-nio-8009]
26-Feb-2017 14:00:10.988 정보 [main] org.apache.catalina.startup.Catalina.start Server startup in 472 ms
26-Feb-2017 14:01:44.896 정보 [main] org.apache.catalina.core.StandardServer.await A valid shutdown command was received via the shutdown port. Stopping the Server instance.
26-Feb-2017 14:01:44.896 정보 [main] org.apache.coyote.AbstractProtocol.pause Pausing ProtocolHandler ["http-nio-8080"]
26-Feb-2017 14:01:44.948 정보 [main] org.apache.coyote.AbstractProtocol.pause Pausing ProtocolHandler ["ajp-nio-8009"]
26-Feb-2017 14:01:44.999 정보 [main] org.apache.catalina.core.StandardService.stopInternal Stopping service Catalina
26-Feb-2017 14:01:45.007 정보 [main] org.apache.coyote.AbstractProtocol.stop Stopping ProtocolHandler ["http-nio-8080"]
26-Feb-2017 14:01:45.009 정보 [main] org.apache.coyote.AbstractProtocol.stop Stopping ProtocolHandler ["ajp-nio-8009"]
26-Feb-2017 14:01:45.009 정보 [main] org.apache.coyote.AbstractProtocol.destroy Destroying ProtocolHandler ["http-nio-8080"]
26-Feb-2017 14:01:45.009 정보 [main] org.apache.coyote.AbstractProtocol.destroy Destroying ProtocolHandler ["ajp-nio-8009"]
26-Feb-2017 14:01:48.347 정보 [main] org.apache.catalina.startup.VersionLoggerListener.log Server version:        Apache Tomcat/9.0.0.M15
26-Feb-2017 14:01:48.349 정보 [main] org.apache.catalina.startup.VersionLoggerListener.log Server built:          Dec 5 2016 13:44:25 UTC
26-Feb-2017 14:01:48.349 정보 [main] org.apache.catalina.startup.VersionLoggerListener.log Server number:         9.0.0.0
26-Feb-2017 14:01:48.349 정보 [main] org.apache.catalina.startup.VersionLoggerListener.log OS Name:               Linux
26-Feb-2017 14:01:48.349 정보 [main] org.apache.catalina.startup.VersionLoggerListener.log OS Version:            4.4.0-53-generic
26-Feb-2017 14:01:48.349 정보 [main] org.apache.catalina.startup.VersionLoggerListener.log Architecture:          amd64
26-Feb-2017 14:01:48.349 정보 [main] org.apache.catalina.startup.VersionLoggerListener.log Java Home:             /usr/lib/jvm/java-8-openjdk-amd64/jre
26-Feb-2017 14:01:48.349 정보 [main] org.apache.catalina.startup.VersionLoggerListener.log JVM Version:           1.8.0_121-8u121-b13-0ubuntu1.16.04.2-b13
26-Feb-2017 14:01:48.349 정보 [main] org.apache.catalina.startup.VersionLoggerListener.log JVM Vendor:            Oracle Corporation
26-Feb-2017 14:01:48.350 정보 [main] org.apache.catalina.startup.VersionLoggerListener.log CATALINA_BASE:         /home/kinow/git/wips-inspect/tomcat
26-Feb-2017 14:01:48.350 정보 [main] org.apache.catalina.startup.VersionLoggerListener.log CATALINA_HOME:         /home/kinow/git/wips-inspect/tomcat
26-Feb-2017 14:01:48.350 정보 [main] org.apache.catalina.startup.VersionLoggerListener.log Command line argument: -Djava.util.logging.config.file=/home/kinow/git/wips-inspect/tomcat/conf/logging.properties
26-Feb-2017 14:01:48.350 정보 [main] org.apache.catalina.startup.VersionLoggerListener.log Command line argument: -Djava.util.logging.manager=org.apache.juli.ClassLoaderLogManager
26-Feb-2017 14:01:48.350 정보 [main] org.apache.catalina.startup.VersionLoggerListener.log Command line argument: -Djdk.tls.ephemeralDHKeySize=2048
26-Feb-2017 14:01:48.350 정보 [main] org.apache.catalina.startup.VersionLoggerListener.log Command line argument: -Djava.protocol.handler.pkgs=org.apache.catalina.webresources
26-Feb-2017 14:01:48.350 정보 [main] org.apache.catalina.startup.VersionLoggerListener.log Command line argument: -Dcatalina.base=/home/kinow/git/wips-inspect/tomcat
26-Feb-2017 14:01:48.350 정보 [main] org.apache.catalina.startup.VersionLoggerListener.log Command line argument: -Dcatalina.home=/home/kinow/git/wips-inspect/tomcat
26-Feb-2017 14:01:48.350 정보 [main] org.apache.catalina.startup.VersionLoggerListener.log Command line argument: -Djava.io.tmpdir=/home/kinow/git/wips-inspect/tomcat/temp
26-Feb-2017 14:01:48.350 정보 [main] org.apache.catalina.core.AprLifecycleListener.lifecycleEvent The APR based Apache Tomcat Native library which allows optimal performance in production environments was not found on the java.library.path: /usr/java/packages/lib/amd64:/usr/lib/x86_64-linux-gnu/jni:/lib/x86_64-linux-gnu:/usr/lib/x86_64-linux-gnu:/usr/lib/jni:/lib:/usr/lib
26-Feb-2017 14:01:48.392 정보 [main] org.apache.coyote.AbstractProtocol.init Initializing ProtocolHandler ["http-nio-8080"]
26-Feb-2017 14:01:48.400 정보 [main] org.apache.tomcat.util.net.NioSelectorPool.getSharedSelector Using a shared selector for servlet write/read
26-Feb-2017 14:01:48.402 정보 [main] org.apache.coyote.AbstractProtocol.init Initializing ProtocolHandler ["ajp-nio-8009"]
26-Feb-2017 14:01:48.402 정보 [main] org.apache.tomcat.util.net.NioSelectorPool.getSharedSelector Using a shared selector for servlet write/read
26-Feb-2017 14:01:48.403 정보 [main] org.apache.catalina.startup.Catalina.load Initialization processed in 246 ms
26-Feb-2017 14:01:48.415 정보 [main] org.apache.catalina.core.StandardService.startInternal Starting service Catalina
26-Feb-2017 14:01:48.415 정보 [main] org.apache.catalina.core.StandardEngine.startInternal Starting Servlet Engine: Apache Tomcat/9.0.0.M15
26-Feb-2017 14:01:48.424 정보 [localhost-startStop-1] org.apache.catalina.startup.HostConfig.deployDirectory Deploying web application directory /home/kinow/git/wips-inspect/ui/wips-inspect/WebContent
26-Feb-2017 14:01:48.738 정보 [localhost-startStop-1] org.apache.jasper.servlet.TldScanner.scanJars At least one JAR was scanned for TLDs yet contained no TLDs. Enable debug logging for this logger for a complete list of JARs that were scanned but no TLDs were found in them. Skipping unneeded JARs during scanning can improve startup time and JSP compilation time.
26-Feb-2017 14:01:48.754 정보 [localhost-startStop-1] org.apache.catalina.startup.HostConfig.deployDirectory Deployment of web application directory /home/kinow/git/wips-inspect/ui/wips-inspect/WebContent has finished in 329 ms
26-Feb-2017 14:01:48.754 정보 [localhost-startStop-1] org.apache.catalina.startup.HostConfig.deployDirectory Deploying web application directory /home/kinow/git/wips-inspect/ui/wips-inspect/.settings
26-Feb-2017 14:01:48.828 정보 [localhost-startStop-1] org.apache.jasper.servlet.TldScanner.scanJars At least one JAR was scanned for TLDs yet contained no TLDs. Enable debug logging for this logger for a complete list of JARs that were scanned but no TLDs were found in them. Skipping unneeded JARs during scanning can improve startup time and JSP compilation time.
26-Feb-2017 14:01:48.830 정보 [localhost-startStop-1] org.apache.catalina.startup.HostConfig.deployDirectory Deployment of web application directory /home/kinow/git/wips-inspect/ui/wips-inspect/.settings has finished in 75 ms
26-Feb-2017 14:01:48.830 정보 [localhost-startStop-1] org.apache.catalina.startup.HostConfig.deployDirectory Deploying web application directory /home/kinow/git/wips-inspect/ui/wips-inspect/src
26-Feb-2017 14:01:48.910 정보 [localhost-startStop-1] org.apache.jasper.servlet.TldScanner.scanJars At least one JAR was scanned for TLDs yet contained no TLDs. Enable debug logging for this logger for a complete list of JARs that were scanned but no TLDs were found in them. Skipping unneeded JARs during scanning can improve startup time and JSP compilation time.
26-Feb-2017 14:01:48.912 정보 [localhost-startStop-1] org.apache.catalina.startup.HostConfig.deployDirectory Deployment of web application directory /home/kinow/git/wips-inspect/ui/wips-inspect/src has finished in 81 ms
26-Feb-2017 14:01:48.913 정보 [main] org.apache.coyote.AbstractProtocol.start Starting ProtocolHandler [http-nio-8080]
26-Feb-2017 14:01:48.916 정보 [main] org.apache.coyote.AbstractProtocol.start Starting ProtocolHandler [ajp-nio-8009]
26-Feb-2017 14:01:48.917 정보 [main] org.apache.catalina.startup.Catalina.start Server startup in 513 ms
26-Feb-2017 14:03:40.769 정보 [Thread-5] org.apache.coyote.AbstractProtocol.pause Pausing ProtocolHandler ["http-nio-8080"]
26-Feb-2017 14:03:40.821 정보 [Thread-5] org.apache.coyote.AbstractProtocol.pause Pausing ProtocolHandler ["ajp-nio-8009"]
26-Feb-2017 14:03:40.872 정보 [Thread-5] org.apache.catalina.core.StandardService.stopInternal Stopping service Catalina
26-Feb-2017 14:03:40.882 정보 [Thread-5] org.apache.coyote.AbstractProtocol.stop Stopping ProtocolHandler ["http-nio-8080"]
26-Feb-2017 14:03:40.883 정보 [Thread-5] org.apache.coyote.AbstractProtocol.stop Stopping ProtocolHandler ["ajp-nio-8009"]
26-Feb-2017 14:03:40.884 정보 [Thread-5] org.apache.coyote.AbstractProtocol.destroy Destroying ProtocolHandler ["http-nio-8080"]
26-Feb-2017 14:03:40.884 정보 [Thread-5] org.apache.coyote.AbstractProtocol.destroy Destroying ProtocolHandler ["ajp-nio-8009"]
26-Feb-2017 14:05:51.261 경고 [main] org.apache.tomcat.util.digester.SetPropertiesRule.begin [SetPropertiesRule]{Server/Service/Engine/Host/Context} Setting property 'source' to 'org.eclipse.jst.jee.server:wips-inspect' did not find a matching property.
26-Feb-2017 14:05:51.272 심각 [main] org.apache.tomcat.util.digester.Digester.fatalError Parse Fatal Error at line 165 column 9: 요소 유형 "Engine"은(는) 짝이 맞는 종료 태그 "</Engine>"(으)로 종료되어야 합니다.
 org.xml.sax.SAXParseException; systemId: file:/home/kinow/git/wips-inspect/tomcat/conf/server.xml; lineNumber: 165; columnNumber: 9; 요소 유형 "Engine"은(는) 짝이 맞는 종료 태그 "</Engine>"(으)로 종료되어야 합니다.
	at com.sun.org.apache.xerces.internal.util.ErrorHandlerWrapper.createSAXParseException(ErrorHandlerWrapper.java:203)
	at com.sun.org.apache.xerces.internal.util.ErrorHandlerWrapper.fatalError(ErrorHandlerWrapper.java:177)
	at com.sun.org.apache.xerces.internal.impl.XMLErrorReporter.reportError(XMLErrorReporter.java:400)
	at com.sun.org.apache.xerces.internal.impl.XMLErrorReporter.reportError(XMLErrorReporter.java:327)
	at com.sun.org.apache.xerces.internal.impl.XMLScanner.reportFatalError(XMLScanner.java:1472)
	at com.sun.org.apache.xerces.internal.impl.XMLDocumentFragmentScannerImpl.scanEndElement(XMLDocumentFragmentScannerImpl.java:1749)
	at com.sun.org.apache.xerces.internal.impl.XMLDocumentFragmentScannerImpl$FragmentContentDriver.next(XMLDocumentFragmentScannerImpl.java:2967)
	at com.sun.org.apache.xerces.internal.impl.XMLDocumentScannerImpl.next(XMLDocumentScannerImpl.java:602)
	at com.sun.org.apache.xerces.internal.impl.XMLDocumentFragmentScannerImpl.scanDocument(XMLDocumentFragmentScannerImpl.java:505)
	at com.sun.org.apache.xerces.internal.parsers.XML11Configuration.parse(XML11Configuration.java:841)
	at com.sun.org.apache.xerces.internal.parsers.XML11Configuration.parse(XML11Configuration.java:770)
	at com.sun.org.apache.xerces.internal.parsers.XMLParser.parse(XMLParser.java:141)
	at com.sun.org.apache.xerces.internal.parsers.AbstractSAXParser.parse(AbstractSAXParser.java:1213)
	at com.sun.org.apache.xerces.internal.jaxp.SAXParserImpl$JAXPSAXParser.parse(SAXParserImpl.java:643)
	at org.apache.tomcat.util.digester.Digester.parse(Digester.java:1458)
	at org.apache.catalina.startup.Catalina.load(Catalina.java:578)
	at org.apache.catalina.startup.Catalina.load(Catalina.java:629)
	at sun.reflect.NativeMethodAccessorImpl.invoke0(Native Method)
	at sun.reflect.NativeMethodAccessorImpl.invoke(NativeMethodAccessorImpl.java:62)
	at sun.reflect.DelegatingMethodAccessorImpl.invoke(DelegatingMethodAccessorImpl.java:43)
	at java.lang.reflect.Method.invoke(Method.java:498)
	at org.apache.catalina.startup.Bootstrap.load(Bootstrap.java:311)
	at org.apache.catalina.startup.Bootstrap.main(Bootstrap.java:494)

26-Feb-2017 14:05:51.273 경고 [main] org.apache.catalina.startup.Catalina.load Catalina.start using conf/server.xml: 요소 유형 "Engine"은(는) 짝이 맞는 종료 태그 "</Engine>"(으)로 종료되어야 합니다.
26-Feb-2017 14:05:51.277 경고 [main] org.apache.tomcat.util.digester.SetPropertiesRule.begin [SetPropertiesRule]{Server/Service/Engine/Host/Context} Setting property 'source' to 'org.eclipse.jst.jee.server:wips-inspect' did not find a matching property.
26-Feb-2017 14:05:51.277 심각 [main] org.apache.tomcat.util.digester.Digester.fatalError Parse Fatal Error at line 165 column 9: 요소 유형 "Engine"은(는) 짝이 맞는 종료 태그 "</Engine>"(으)로 종료되어야 합니다.
 org.xml.sax.SAXParseException; systemId: file:/home/kinow/git/wips-inspect/tomcat/conf/server.xml; lineNumber: 165; columnNumber: 9; 요소 유형 "Engine"은(는) 짝이 맞는 종료 태그 "</Engine>"(으)로 종료되어야 합니다.
	at com.sun.org.apache.xerces.internal.util.ErrorHandlerWrapper.createSAXParseException(ErrorHandlerWrapper.java:203)
	at com.sun.org.apache.xerces.internal.util.ErrorHandlerWrapper.fatalError(ErrorHandlerWrapper.java:177)
	at com.sun.org.apache.xerces.internal.impl.XMLErrorReporter.reportError(XMLErrorReporter.java:400)
	at com.sun.org.apache.xerces.internal.impl.XMLErrorReporter.reportError(XMLErrorReporter.java:327)
	at com.sun.org.apache.xerces.internal.impl.XMLScanner.reportFatalError(XMLScanner.java:1472)
	at com.sun.org.apache.xerces.internal.impl.XMLDocumentFragmentScannerImpl.scanEndElement(XMLDocumentFragmentScannerImpl.java:1749)
	at com.sun.org.apache.xerces.internal.impl.XMLDocumentFragmentScannerImpl$FragmentContentDriver.next(XMLDocumentFragmentScannerImpl.java:2967)
	at com.sun.org.apache.xerces.internal.impl.XMLDocumentScannerImpl.next(XMLDocumentScannerImpl.java:602)
	at com.sun.org.apache.xerces.internal.impl.XMLDocumentFragmentScannerImpl.scanDocument(XMLDocumentFragmentScannerImpl.java:505)
	at com.sun.org.apache.xerces.internal.parsers.XML11Configuration.parse(XML11Configuration.java:841)
	at com.sun.org.apache.xerces.internal.parsers.XML11Configuration.parse(XML11Configuration.java:770)
	at com.sun.org.apache.xerces.internal.parsers.XMLParser.parse(XMLParser.java:141)
	at com.sun.org.apache.xerces.internal.parsers.AbstractSAXParser.parse(AbstractSAXParser.java:1213)
	at com.sun.org.apache.xerces.internal.jaxp.SAXParserImpl$JAXPSAXParser.parse(SAXParserImpl.java:643)
	at org.apache.tomcat.util.digester.Digester.parse(Digester.java:1458)
	at org.apache.catalina.startup.Catalina.load(Catalina.java:578)
	at org.apache.catalina.startup.Catalina.start(Catalina.java:643)
	at sun.reflect.NativeMethodAccessorImpl.invoke0(Native Method)
	at sun.reflect.NativeMethodAccessorImpl.invoke(NativeMethodAccessorImpl.java:62)
	at sun.reflect.DelegatingMethodAccessorImpl.invoke(DelegatingMethodAccessorImpl.java:43)
	at java.lang.reflect.Method.invoke(Method.java:498)
	at org.apache.catalina.startup.Bootstrap.start(Bootstrap.java:355)
	at org.apache.catalina.startup.Bootstrap.main(Bootstrap.java:495)

26-Feb-2017 14:05:51.278 경고 [main] org.apache.catalina.startup.Catalina.load Catalina.start using conf/server.xml: 요소 유형 "Engine"은(는) 짝이 맞는 종료 태그 "</Engine>"(으)로 종료되어야 합니다.
26-Feb-2017 14:05:51.278 심각 [main] org.apache.catalina.startup.Catalina.start Cannot start server. Server instance is not configured.
26-Feb-2017 14:06:12.928 경고 [main] org.apache.tomcat.util.digester.SetPropertiesRule.begin [SetPropertiesRule]{Server/Service/Engine/Host/Context} Setting property 'source' to 'org.eclipse.jst.jee.server:wips-inspect' did not find a matching property.
26-Feb-2017 14:06:12.936 정보 [main] org.apache.catalina.startup.VersionLoggerListener.log Server version:        Apache Tomcat/9.0.0.M15
26-Feb-2017 14:06:12.936 정보 [main] org.apache.catalina.startup.VersionLoggerListener.log Server built:          Dec 5 2016 13:44:25 UTC
26-Feb-2017 14:06:12.936 정보 [main] org.apache.catalina.startup.VersionLoggerListener.log Server number:         9.0.0.0
26-Feb-2017 14:06:12.937 정보 [main] org.apache.catalina.startup.VersionLoggerListener.log OS Name:               Linux
26-Feb-2017 14:06:12.937 정보 [main] org.apache.catalina.startup.VersionLoggerListener.log OS Version:            4.4.0-53-generic
26-Feb-2017 14:06:12.937 정보 [main] org.apache.catalina.startup.VersionLoggerListener.log Architecture:          amd64
26-Feb-2017 14:06:12.937 정보 [main] org.apache.catalina.startup.VersionLoggerListener.log Java Home:             /usr/lib/jvm/java-8-openjdk-amd64/jre
26-Feb-2017 14:06:12.937 정보 [main] org.apache.catalina.startup.VersionLoggerListener.log JVM Version:           1.8.0_121-8u121-b13-0ubuntu1.16.04.2-b13
26-Feb-2017 14:06:12.937 정보 [main] org.apache.catalina.startup.VersionLoggerListener.log JVM Vendor:            Oracle Corporation
26-Feb-2017 14:06:12.937 정보 [main] org.apache.catalina.startup.VersionLoggerListener.log CATALINA_BASE:         /home/kinow/git/wips-inspect/tomcat
26-Feb-2017 14:06:12.937 정보 [main] org.apache.catalina.startup.VersionLoggerListener.log CATALINA_HOME:         /home/kinow/git/wips-inspect/tomcat
26-Feb-2017 14:06:12.937 정보 [main] org.apache.catalina.startup.VersionLoggerListener.log Command line argument: -Djava.util.logging.config.file=/home/kinow/git/wips-inspect/tomcat/conf/logging.properties
26-Feb-2017 14:06:12.937 정보 [main] org.apache.catalina.startup.VersionLoggerListener.log Command line argument: -Djava.util.logging.manager=org.apache.juli.ClassLoaderLogManager
26-Feb-2017 14:06:12.937 정보 [main] org.apache.catalina.startup.VersionLoggerListener.log Command line argument: -Djdk.tls.ephemeralDHKeySize=2048
26-Feb-2017 14:06:12.937 정보 [main] org.apache.catalina.startup.VersionLoggerListener.log Command line argument: -Djava.protocol.handler.pkgs=org.apache.catalina.webresources
26-Feb-2017 14:06:12.937 정보 [main] org.apache.catalina.startup.VersionLoggerListener.log Command line argument: -Dcatalina.base=/home/kinow/git/wips-inspect/tomcat
26-Feb-2017 14:06:12.937 정보 [main] org.apache.catalina.startup.VersionLoggerListener.log Command line argument: -Dcatalina.home=/home/kinow/git/wips-inspect/tomcat
26-Feb-2017 14:06:12.938 정보 [main] org.apache.catalina.startup.VersionLoggerListener.log Command line argument: -Djava.io.tmpdir=/home/kinow/git/wips-inspect/tomcat/temp
26-Feb-2017 14:06:12.938 정보 [main] org.apache.catalina.core.AprLifecycleListener.lifecycleEvent The APR based Apache Tomcat Native library which allows optimal performance in production environments was not found on the java.library.path: /usr/java/packages/lib/amd64:/usr/lib/x86_64-linux-gnu/jni:/lib/x86_64-linux-gnu:/usr/lib/x86_64-linux-gnu:/usr/lib/jni:/lib:/usr/lib
26-Feb-2017 14:06:12.982 정보 [main] org.apache.coyote.AbstractProtocol.init Initializing ProtocolHandler ["http-nio-80"]
26-Feb-2017 14:06:12.991 정보 [main] org.apache.tomcat.util.net.NioSelectorPool.getSharedSelector Using a shared selector for servlet write/read
26-Feb-2017 14:06:12.993 정보 [main] org.apache.coyote.AbstractProtocol.init Initializing ProtocolHandler ["ajp-nio-8009"]
26-Feb-2017 14:06:12.993 정보 [main] org.apache.tomcat.util.net.NioSelectorPool.getSharedSelector Using a shared selector for servlet write/read
26-Feb-2017 14:06:12.994 정보 [main] org.apache.catalina.startup.Catalina.load Initialization processed in 265 ms
26-Feb-2017 14:06:13.006 정보 [main] org.apache.catalina.core.StandardService.startInternal Starting service Catalina
26-Feb-2017 14:06:13.006 정보 [main] org.apache.catalina.core.StandardEngine.startInternal Starting Servlet Engine: Apache Tomcat/9.0.0.M15
26-Feb-2017 14:06:13.279 정보 [localhost-startStop-1] org.apache.jasper.servlet.TldScanner.scanJars At least one JAR was scanned for TLDs yet contained no TLDs. Enable debug logging for this logger for a complete list of JARs that were scanned but no TLDs were found in them. Skipping unneeded JARs during scanning can improve startup time and JSP compilation time.
26-Feb-2017 14:06:13.295 정보 [localhost-startStop-1] org.apache.catalina.startup.HostConfig.deployDirectory Deploying web application directory /home/kinow/git/wips-inspect/tomcat/webapps/docs
26-Feb-2017 14:06:13.382 정보 [localhost-startStop-1] org.apache.jasper.servlet.TldScanner.scanJars At least one JAR was scanned for TLDs yet contained no TLDs. Enable debug logging for this logger for a complete list of JARs that were scanned but no TLDs were found in them. Skipping unneeded JARs during scanning can improve startup time and JSP compilation time.
26-Feb-2017 14:06:13.384 정보 [localhost-startStop-1] org.apache.catalina.startup.HostConfig.deployDirectory Deployment of web application directory /home/kinow/git/wips-inspect/tomcat/webapps/docs has finished in 88 ms
26-Feb-2017 14:06:13.384 정보 [localhost-startStop-1] org.apache.catalina.startup.HostConfig.deployDirectory Deploying web application directory /home/kinow/git/wips-inspect/tomcat/webapps/.metadata
26-Feb-2017 14:06:13.471 정보 [localhost-startStop-1] org.apache.jasper.servlet.TldScanner.scanJars At least one JAR was scanned for TLDs yet contained no TLDs. Enable debug logging for this logger for a complete list of JARs that were scanned but no TLDs were found in them. Skipping unneeded JARs during scanning can improve startup time and JSP compilation time.
26-Feb-2017 14:06:13.473 정보 [localhost-startStop-1] org.apache.catalina.startup.HostConfig.deployDirectory Deployment of web application directory /home/kinow/git/wips-inspect/tomcat/webapps/.metadata has finished in 89 ms
26-Feb-2017 14:06:13.473 정보 [localhost-startStop-1] org.apache.catalina.startup.HostConfig.deployDirectory Deploying web application directory /home/kinow/git/wips-inspect/tomcat/webapps/host-manager
26-Feb-2017 14:06:13.567 정보 [localhost-startStop-1] org.apache.jasper.servlet.TldScanner.scanJars At least one JAR was scanned for TLDs yet contained no TLDs. Enable debug logging for this logger for a complete list of JARs that were scanned but no TLDs were found in them. Skipping unneeded JARs during scanning can improve startup time and JSP compilation time.
26-Feb-2017 14:06:13.571 정보 [localhost-startStop-1] org.apache.catalina.startup.HostConfig.deployDirectory Deployment of web application directory /home/kinow/git/wips-inspect/tomcat/webapps/host-manager has finished in 98 ms
26-Feb-2017 14:06:13.571 정보 [localhost-startStop-1] org.apache.catalina.startup.HostConfig.deployDirectory Deploying web application directory /home/kinow/git/wips-inspect/tomcat/webapps/examples
26-Feb-2017 14:06:13.736 정보 [localhost-startStop-1] org.apache.jasper.servlet.TldScanner.scanJars At least one JAR was scanned for TLDs yet contained no TLDs. Enable debug logging for this logger for a complete list of JARs that were scanned but no TLDs were found in them. Skipping unneeded JARs during scanning can improve startup time and JSP compilation time.
26-Feb-2017 14:06:13.743 정보 [localhost-startStop-1] org.apache.catalina.startup.HostConfig.deployDirectory Deployment of web application directory /home/kinow/git/wips-inspect/tomcat/webapps/examples has finished in 172 ms
26-Feb-2017 14:06:13.743 정보 [localhost-startStop-1] org.apache.catalina.startup.HostConfig.deployDirectory Deploying web application directory /home/kinow/git/wips-inspect/tomcat/webapps/manager
26-Feb-2017 14:06:13.835 정보 [localhost-startStop-1] org.apache.jasper.servlet.TldScanner.scanJars At least one JAR was scanned for TLDs yet contained no TLDs. Enable debug logging for this logger for a complete list of JARs that were scanned but no TLDs were found in them. Skipping unneeded JARs during scanning can improve startup time and JSP compilation time.
26-Feb-2017 14:06:13.837 정보 [localhost-startStop-1] org.apache.catalina.startup.HostConfig.deployDirectory Deployment of web application directory /home/kinow/git/wips-inspect/tomcat/webapps/manager has finished in 94 ms
26-Feb-2017 14:06:13.839 정보 [main] org.apache.coyote.AbstractProtocol.start Starting ProtocolHandler [http-nio-80]
26-Feb-2017 14:06:13.842 정보 [main] org.apache.coyote.AbstractProtocol.start Starting ProtocolHandler [ajp-nio-8009]
26-Feb-2017 14:06:13.843 정보 [main] org.apache.catalina.startup.Catalina.start Server startup in 849 ms
26-Feb-2017 14:06:25.147 정보 [Thread-5] org.apache.coyote.AbstractProtocol.pause Pausing ProtocolHandler ["http-nio-80"]
26-Feb-2017 14:06:25.199 정보 [Thread-5] org.apache.coyote.AbstractProtocol.pause Pausing ProtocolHandler ["ajp-nio-8009"]
26-Feb-2017 14:06:25.250 정보 [Thread-5] org.apache.catalina.core.StandardService.stopInternal Stopping service Catalina
26-Feb-2017 14:06:25.270 정보 [Thread-5] org.apache.coyote.AbstractProtocol.stop Stopping ProtocolHandler ["http-nio-80"]
26-Feb-2017 14:06:25.270 정보 [Thread-5] org.apache.coyote.AbstractProtocol.stop Stopping ProtocolHandler ["ajp-nio-8009"]
26-Feb-2017 14:06:25.271 정보 [Thread-5] org.apache.coyote.AbstractProtocol.destroy Destroying ProtocolHandler ["http-nio-80"]
26-Feb-2017 14:06:25.271 정보 [Thread-5] org.apache.coyote.AbstractProtocol.destroy Destroying ProtocolHandler ["ajp-nio-8009"]
